<html>
<head>
<title>TestNG:  Test</title>
<link href="../testng.css" rel="stylesheet" type="text/css" />
<link href="../my-testng.css" rel="stylesheet" type="text/css" />

<style type="text/css">
.log { display: none;} 
.stack-trace { display: none;} 
</style>
<script type="text/javascript">
<!--
function flip(e) {
  current = e.style.display;
  if (current == 'block') {
    e.style.display = 'none';
    return 0;
  }
  else {
    e.style.display = 'block';
    return 1;
  }
}

function toggleBox(szDivId, elem, msg1, msg2)
{
  var res = -1;  if (document.getElementById) {
    res = flip(document.getElementById(szDivId));
  }
  else if (document.all) {
    // this is the way old msie versions work
    res = flip(document.all[szDivId]);
  }
  if(elem) {
    if(res == 0) elem.innerHTML = msg1; else elem.innerHTML = msg2;
  }

}

function toggleAllBoxes() {
  if (document.getElementsByTagName) {
    d = document.getElementsByTagName('div');
    for (i = 0; i < d.length; i++) {
      if (d[i].className == 'log') {
        flip(d[i]);
      }
    }
  }
}

// -->
</script>

</head>
<body>
<h2 align='center'>Test</h2><table border='1' align="center">
<tr>
<td>Tests passed/Failed/Skipped:</td><td>0/2/0</td>
</tr><tr>
<td>Started on:</td><td>Thu Apr 30 21:33:50 EET 2020</td>
</tr>
<tr><td>Total time:</td><td>32 seconds (32642 ms)</td>
</tr><tr>
<td>Included groups:</td><td></td>
</tr><tr>
<td>Excluded groups:</td><td></td>
</tr>
</table><p/>
<small><i>(Hover the method name to see the test class name)</i></small><p/>
<table width='100%' border='1' class='invocation-failed'>
<tr><td colspan='4' align='center'><b>FAILED TESTS</b></td></tr>
<tr><td><b>Test method</b></td>
<td width="30%"><b>Exception</b></td>
<td width="10%"><b>Time (seconds)</b></td>
<td><b>Instance</b></td>
</tr>
<tr>
<td title='AppiumPractise.AppiumFrameworkPractise.ApiDemoTest.ApiDemoApp()'><b>ApiDemoApp</b><br>Test class: AppiumPractise.AppiumFrameworkPractise.ApiDemoTest</td>
<td><div><pre>org.openqa.selenium.SessionNotCreatedException: Unable to create a new remote session. Please check the server log for more details. Original error: An unknown server-side error occurred while processing the command. Original error: Could not find &apos;adb.exe&apos; in [&quot;C:\\Users\\z003srtv\\AppData\\Local\\Android\\Sdk;C:\\Users\\z003srtv\\AppData\\Local\\Android\\Sdk\\platform-tools;C:\\Users\\z003srtv\\AppData\\Local\\Android\\Sdk\\tools;C:\\Users\\z003srtv\\AppData\\Local\\Android\\Sdk\\tools\\bin;\\platform-tools\\adb.exe&quot;,&quot;C:\\Users\\z003srtv\\AppData\\Local\\Android\\Sdk;C:\\Users\\z003srtv\\AppData\\Local\\Android\\Sdk\\platform-tools;C:\\Users\\z003srtv\\AppData\\Local\\Android\\Sdk\\tools;C:\\Users\\z003srtv\\AppData\\Local\\Android\\Sdk\\tools\\bin;\\emulator\\adb.exe&quot;,&quot;C:\\Users\\z003srtv\\AppData\\Local\\Android\\Sdk;C:\\Users\\z003srtv\\AppData\\Local\\Android\\Sdk\\platform-tools;C:\\Users\\z003srtv\\AppData\\Local\\Android\\Sdk\\tools;C:\\Users\\z003srtv\\AppData\\Local\\Android\\Sdk\\tools\\bin;\\tools\\adb.exe&quot;,&quot;C:\\Users\\z003srtv\\AppData\\Local\\Android\\Sdk;C:\\Users\\z003srtv\\AppData\\Local\\Android\\Sdk\\platform-tools;C:\\Users\\z003srtv\\AppData\\Local\\Android\\Sdk\\tools;C:\\Users\\z003srtv\\AppData\\Local\\Android\\Sdk\\tools\\bin;\\tools\\bin\\adb.exe&quot;]. Do you have Android Build Tools installed at &apos;C:\Users\z003srtv\AppData\Local\Android\Sdk;C:\Users\z003srtv\AppData\Local\Android\Sdk\platform-tools;C:\Users\z003srtv\AppData\Local\Android\Sdk\tools;C:\Users\z003srtv\AppData\Local\Android\Sdk\tools\bin;&apos;?
Build info: version: &apos;3.141.59&apos;, revision: &apos;e82be7d358&apos;, time: &apos;2018-11-14T08:17:03&apos;
System info: host: &apos;EVT01213NB&apos;, ip: &apos;192.168.192.1&apos;, os.name: &apos;Windows 10&apos;, os.arch: &apos;amd64&apos;, os.version: &apos;10.0&apos;, java.version: &apos;10.0.2&apos;
Driver info: driver.version: AndroidDriver
remote stacktrace: UnknownError: An unknown server-side error occurred while processing the command. Original error: Could not find &apos;adb.exe&apos; in [&quot;C:\\Users\\z003srtv\\AppData\\Local\\Android\\Sdk;C:\\Users\\z003srtv\\AppData\\Local\\Android\\Sdk\\platform-tools;C:\\Users\\z003srtv\\AppData\\Local\\Android\\Sdk\\tools;C:\\Users\\z003srtv\\AppData\\Local\\Android\\Sdk\\tools\\bin;\\platform-tools\\adb.exe&quot;,&quot;C:\\Users\\z003srtv\\AppData\\Local\\Android\\Sdk;C:\\Users\\z003srtv\\AppData\\Local\\Android\\Sdk\\platform-tools;C:\\Users\\z003srtv\\AppData\\Local\\Android\\Sdk\\tools;C:\\Users\\z003srtv\\AppData\\Local\\Android\\Sdk\\tools\\bin;\\emulator\\adb.exe&quot;,&quot;C:\\Users\\z003srtv\\AppData\\Local\\Android\\Sdk;C:\\Users\\z003srtv\\AppData\\Local\\Android\\Sdk\\platform-tools;C:\\Users\\z003srtv\\AppData\\Local\\Android\\Sdk\\tools;C:\\Users\\z003srtv\\AppData\\Local\\Android\\Sdk\\tools\\bin;\\tools\\adb.exe&quot;,&quot;C:\\Users\\z003srtv\\AppData\\Local\\Android\\Sdk;C:\\Users\\z003srtv\\AppData\\Local\\Android\\Sdk\\platform-tools;C:\\Users\\z003srtv\\AppData\\Local\\Android\\Sdk\\tools;C:\\Users\\z003srtv\\AppData\\Local\\Android\\Sdk\\tools\\bin;\\tools\\bin\\adb.exe&quot;]. Do you have Android Build Tools installed at &apos;C:\Users\z003srtv\AppData\Local\Android\Sdk;C:\Users\z003srtv\AppData\Local\Android\Sdk\platform-tools;C:\Users\z003srtv\AppData\Local\Android\Sdk\tools;C:\Users\z003srtv\AppData\Local\Android\Sdk\tools\bin;&apos;?
    at getResponseForW3CError (C:\Users\z003srtv\AppData\Roaming\npm\node_modules\appium\node_modules\appium-base-driver\lib\protocol\errors.js:804:9)
    at asyncHandler (C:\Users\z003srtv\AppData\Roaming\npm\node_modules\appium\node_modules\appium-base-driver\lib\protocol\protocol.js:392:37)
Build info: version: &apos;3.141.59&apos;, revision: &apos;e82be7d358&apos;, time: &apos;2018-11-14T08:17:03&apos;
System info: host: &apos;EVT01213NB&apos;, ip: &apos;192.168.192.1&apos;, os.name: &apos;Windows 10&apos;, os.arch: &apos;amd64&apos;, os.version: &apos;10.0&apos;, java.version: &apos;10.0.2&apos;
Driver info: driver.version: AndroidDriver
	at io.appium.java_client.remote.AppiumCommandExecutor$1.createSession(AppiumCommandExecutor.java:208)
	at io.appium.java_client.remote.AppiumCommandExecutor.createSession(AppiumCommandExecutor.java:217)
	at io.appium.java_client.remote.AppiumCommandExecutor.execute(AppiumCommandExecutor.java:239)
	at org.openqa.selenium.remote.RemoteWebDriver.execute(RemoteWebDriver.java:552)
	at io.appium.java_client.DefaultGenericMobileDriver.execute(DefaultGenericMobileDriver.java:41)
	at io.appium.java_client.AppiumDriver.execute(AppiumDriver.java:1)
	at io.appium.java_client.android.AndroidDriver.execute(AndroidDriver.java:1)
	at org.openqa.selenium.remote.RemoteWebDriver.startSession(RemoteWebDriver.java:213)
	at io.appium.java_client.AppiumDriver.startSession(AppiumDriver.java:336)
	at org.openqa.selenium.remote.RemoteWebDriver.&lt;init&gt;(RemoteWebDriver.java:131)
	at io.appium.java_client.DefaultGenericMobileDriver.&lt;init&gt;(DefaultGenericMobileDriver.java:37)
	at io.appium.java_client.AppiumDriver.&lt;init&gt;(AppiumDriver.java:88)
	at io.appium.java_client.AppiumDriver.&lt;init&gt;(AppiumDriver.java:98)
	at io.appium.java_client.android.AndroidDriver.&lt;init&gt;(AndroidDriver.java:94)
	at AppiumPractise.AppiumFrameworkPractise.Base.Capabilities(Base.java:88)
	at AppiumPractise.AppiumFrameworkPractise.ApiDemoTest.ApiDemoApp(ApiDemoTest.java:20)
	at java.base/java.util.ArrayList.forEach(Unknown Source)
	at io.appium.java_client.remote.AppiumCommandExecutor$1.createSession(AppiumCommandExecutor.java:186)
	... 43 more
Caused by: org.openqa.selenium.WebDriverException: An unknown server-side error occurred while processing the command. Original error: Could not find &apos;adb.exe&apos; in [&quot;C:\\Users\\z003srtv\\AppData\\Local\\Android\\Sdk;C:\\Users\\z003srtv\\AppData\\Local\\Android\\Sdk\\platform-tools;C:\\Users\\z003srtv\\AppData\\Local\\Android\\Sdk\\tools;C:\\Users\\z003srtv\\AppData\\Local\\Android\\Sdk\\tools\\bin;\\platform-tools\\adb.exe&quot;,&quot;C:\\Users\\z003srtv\\AppData\\Local\\Android\\Sdk;C:\\Users\\z003srtv\\AppData\\Local\\Android\\Sdk\\platform-tools;C:\\Users\\z003srtv\\AppData\\Local\\Android\\Sdk\\tools;C:\\Users\\z003srtv\\AppData\\Local\\Android\\Sdk\\tools\\bin;\\emulator\\adb.exe&quot;,&quot;C:\\Users\\z003srtv\\AppData\\Local\\Android\\Sdk;C:\\Users\\z003srtv\\AppData\\Local\\Android\\Sdk\\platform-tools;C:\\Users\\z003srtv\\AppData\\Local\\Android\\Sdk\\tools;C:\\Users\\z003srtv\\AppData\\Local\\Android\\Sdk\\tools\\bin;\\tools\\adb.exe&quot;,&quot;C:\\Users\\z003srtv\\AppData\\Local\\Android\\Sdk;C:\\Users\\z003srtv\\AppData\\Local\\Android\\Sdk\\platform-tools;C:\\Users\\z003srtv\\AppData\\Local\\Android\\Sdk\\tools;C:\\Users\\z003srtv\\AppData\\Local\\Android\\Sdk\\tools\\bin;\\tools\\bin\\adb.exe&quot;]. Do you have Android Build Tools installed at &apos;C:\Users\z003srtv\AppData\Local\Android\Sdk;C:\Users\z003srtv\AppData\Local\Android\Sdk\platform-tools;C:\Users\z003srtv\AppData\Local\Android\Sdk\tools;C:\Users\z003srtv\AppData\Local\Android\Sdk\tools\bin;&apos;?
Build info: version: &apos;3.141.59&apos;, revision: &apos;e82be7d358&apos;, time: &apos;2018-11-14T08:17:03&apos;
System info: host: &apos;EVT01213NB&apos;, ip: &apos;192.168.192.1&apos;, os.name: &apos;Windows 10&apos;, os.arch: &apos;amd64&apos;, os.version: &apos;10.0&apos;, java.version: &apos;10.0.2&apos;
Driver info: driver.version: AndroidDriver
remote stacktrace: UnknownError: An unknown server-side error occurred while processing the command. Original error: Could not find &apos;adb.exe&apos; in [&quot;C:\\Users\\z003srtv\\AppData\\Local\\Android\\Sdk;C:\\Users\\z003srtv\\AppData\\Local\\Android\\Sdk\\platform-tools;C:\\Users\\z003srtv\\AppData\\Local\\Android\\Sdk\\tools;C:\\Users\\z003srtv\\AppData\\Local\\Android\\Sdk\\tools\\bin;\\platform-tools\\adb.exe&quot;,&quot;C:\\Users\\z003srtv\\AppData\\Local\\Android\\Sdk;C:\\Users\\z003srtv\\AppData\\Local\\Android\\Sdk\\platform-tools;C:\\Users\\z003srtv\\AppData\\Local\\Android\\Sdk\\tools;C:\\Users\\z003srtv\\AppData\\Local\\Android\\Sdk\\tools\\bin;\\emulator\\adb.exe&quot;,&quot;C:\\Users\\z003srtv\\AppData\\Local\\Android\\Sdk;C:\\Users\\z003srtv\\AppData\\Local\\Android\\Sdk\\platform-tools;C:\\Users\\z003srtv\\AppData\\Local\\Android\\Sdk\\tools;C:\\Users\\z003srtv\\AppData\\Local\\Android\\Sdk\\tools\\bin;\\tools\\adb.exe&quot;,&quot;C:\\Users\\z003srtv\\AppData\\Local\\Android\\Sdk;C:\\Users\\z003srtv\\AppData\\Local\\Android\\Sdk\\platform-tools;C:\\Users\\z003srtv\\AppData\\Local\\Android\\Sdk\\tools;C:\\Users\\z003srtv\\AppData\\Local\\Android\\Sdk\\tools\\bin;\\tools\\bin\\adb.exe&quot;]. Do you have Android Build Tools installed at &apos;C:\Users\z003srtv\AppData\Local\Android\Sdk;C:\Users\z003srtv\AppData\Local\Android\Sdk\platform-tools;C:\Users\z003srtv\AppData\Local\Android\Sdk\tools;C:\Users\z003srtv\AppData\Local\Android\Sdk\tools\bin;&apos;?
    at getResponseForW3CError (C:\Users\z003srtv\AppData\Roaming\npm\node_modules\appium\node_modules\appium-base-driver\lib\protocol\errors.js:804:9)
    at asyncHandler (C:\Users\z003srtv\AppData\Roaming\npm\node_modules\appium\node_modules\appium-base-driver\lib\protocol\protocol.js:392:37)
	at org.openqa.selenium.remote.W3CHandshakeResponse.lambda$errorHandler$0(W3CHandshakeResponse.java:62)
	at org.openqa.selenium.remote.HandshakeResponse.lambda$getResponseFunction$0(HandshakeResponse.java:30)
	at org.openqa.selenium.remote.ProtocolHandshake.lambda$createSession$0(ProtocolHandshake.java:126)
	at java.base/java.util.stream.ReferencePipeline$3$1.accept(Unknown Source)
	at java.base/java.util.Spliterators$ArraySpliterator.tryAdvance(Unknown Source)
	at java.base/java.util.stream.ReferencePipeline.forEachWithCancel(Unknown Source)
	at java.base/java.util.stream.AbstractPipeline.copyIntoWithCancel(Unknown Source)
	at java.base/java.util.stream.AbstractPipeline.copyInto(Unknown Source)
	at java.base/java.util.stream.AbstractPipeline.wrapAndCopyInto(Unknown Source)
	at java.base/java.util.stream.FindOps$FindOp.evaluateSequential(Unknown Source)
	at java.base/java.util.stream.AbstractPipeline.evaluate(Unknown Source)
	at java.base/java.util.stream.ReferencePipeline.findFirst(Unknown Source)
	at org.openqa.selenium.remote.ProtocolHandshake.createSession(ProtocolHandshake.java:128)
	... 48 more
... Removed 36 stack frames</pre></div><a href='#' onClick='toggleBox("stack-trace988904418", this, "Click to show all stack frames", "Click to hide stack frames")'>Click to show all stack frames</a>
<div class='stack-trace' id='stack-trace988904418'><pre>org.openqa.selenium.SessionNotCreatedException: Unable to create a new remote session. Please check the server log for more details. Original error: An unknown server-side error occurred while processing the command. Original error: Could not find &apos;adb.exe&apos; in [&quot;C:\\Users\\z003srtv\\AppData\\Local\\Android\\Sdk;C:\\Users\\z003srtv\\AppData\\Local\\Android\\Sdk\\platform-tools;C:\\Users\\z003srtv\\AppData\\Local\\Android\\Sdk\\tools;C:\\Users\\z003srtv\\AppData\\Local\\Android\\Sdk\\tools\\bin;\\platform-tools\\adb.exe&quot;,&quot;C:\\Users\\z003srtv\\AppData\\Local\\Android\\Sdk;C:\\Users\\z003srtv\\AppData\\Local\\Android\\Sdk\\platform-tools;C:\\Users\\z003srtv\\AppData\\Local\\Android\\Sdk\\tools;C:\\Users\\z003srtv\\AppData\\Local\\Android\\Sdk\\tools\\bin;\\emulator\\adb.exe&quot;,&quot;C:\\Users\\z003srtv\\AppData\\Local\\Android\\Sdk;C:\\Users\\z003srtv\\AppData\\Local\\Android\\Sdk\\platform-tools;C:\\Users\\z003srtv\\AppData\\Local\\Android\\Sdk\\tools;C:\\Users\\z003srtv\\AppData\\Local\\Android\\Sdk\\tools\\bin;\\tools\\adb.exe&quot;,&quot;C:\\Users\\z003srtv\\AppData\\Local\\Android\\Sdk;C:\\Users\\z003srtv\\AppData\\Local\\Android\\Sdk\\platform-tools;C:\\Users\\z003srtv\\AppData\\Local\\Android\\Sdk\\tools;C:\\Users\\z003srtv\\AppData\\Local\\Android\\Sdk\\tools\\bin;\\tools\\bin\\adb.exe&quot;]. Do you have Android Build Tools installed at &apos;C:\Users\z003srtv\AppData\Local\Android\Sdk;C:\Users\z003srtv\AppData\Local\Android\Sdk\platform-tools;C:\Users\z003srtv\AppData\Local\Android\Sdk\tools;C:\Users\z003srtv\AppData\Local\Android\Sdk\tools\bin;&apos;?
Build info: version: &apos;3.141.59&apos;, revision: &apos;e82be7d358&apos;, time: &apos;2018-11-14T08:17:03&apos;
System info: host: &apos;EVT01213NB&apos;, ip: &apos;192.168.192.1&apos;, os.name: &apos;Windows 10&apos;, os.arch: &apos;amd64&apos;, os.version: &apos;10.0&apos;, java.version: &apos;10.0.2&apos;
Driver info: driver.version: AndroidDriver
remote stacktrace: UnknownError: An unknown server-side error occurred while processing the command. Original error: Could not find &apos;adb.exe&apos; in [&quot;C:\\Users\\z003srtv\\AppData\\Local\\Android\\Sdk;C:\\Users\\z003srtv\\AppData\\Local\\Android\\Sdk\\platform-tools;C:\\Users\\z003srtv\\AppData\\Local\\Android\\Sdk\\tools;C:\\Users\\z003srtv\\AppData\\Local\\Android\\Sdk\\tools\\bin;\\platform-tools\\adb.exe&quot;,&quot;C:\\Users\\z003srtv\\AppData\\Local\\Android\\Sdk;C:\\Users\\z003srtv\\AppData\\Local\\Android\\Sdk\\platform-tools;C:\\Users\\z003srtv\\AppData\\Local\\Android\\Sdk\\tools;C:\\Users\\z003srtv\\AppData\\Local\\Android\\Sdk\\tools\\bin;\\emulator\\adb.exe&quot;,&quot;C:\\Users\\z003srtv\\AppData\\Local\\Android\\Sdk;C:\\Users\\z003srtv\\AppData\\Local\\Android\\Sdk\\platform-tools;C:\\Users\\z003srtv\\AppData\\Local\\Android\\Sdk\\tools;C:\\Users\\z003srtv\\AppData\\Local\\Android\\Sdk\\tools\\bin;\\tools\\adb.exe&quot;,&quot;C:\\Users\\z003srtv\\AppData\\Local\\Android\\Sdk;C:\\Users\\z003srtv\\AppData\\Local\\Android\\Sdk\\platform-tools;C:\\Users\\z003srtv\\AppData\\Local\\Android\\Sdk\\tools;C:\\Users\\z003srtv\\AppData\\Local\\Android\\Sdk\\tools\\bin;\\tools\\bin\\adb.exe&quot;]. Do you have Android Build Tools installed at &apos;C:\Users\z003srtv\AppData\Local\Android\Sdk;C:\Users\z003srtv\AppData\Local\Android\Sdk\platform-tools;C:\Users\z003srtv\AppData\Local\Android\Sdk\tools;C:\Users\z003srtv\AppData\Local\Android\Sdk\tools\bin;&apos;?
    at getResponseForW3CError (C:\Users\z003srtv\AppData\Roaming\npm\node_modules\appium\node_modules\appium-base-driver\lib\protocol\errors.js:804:9)
    at asyncHandler (C:\Users\z003srtv\AppData\Roaming\npm\node_modules\appium\node_modules\appium-base-driver\lib\protocol\protocol.js:392:37)
Build info: version: &apos;3.141.59&apos;, revision: &apos;e82be7d358&apos;, time: &apos;2018-11-14T08:17:03&apos;
System info: host: &apos;EVT01213NB&apos;, ip: &apos;192.168.192.1&apos;, os.name: &apos;Windows 10&apos;, os.arch: &apos;amd64&apos;, os.version: &apos;10.0&apos;, java.version: &apos;10.0.2&apos;
Driver info: driver.version: AndroidDriver
	at io.appium.java_client.remote.AppiumCommandExecutor$1.createSession(AppiumCommandExecutor.java:208)
	at io.appium.java_client.remote.AppiumCommandExecutor.createSession(AppiumCommandExecutor.java:217)
	at io.appium.java_client.remote.AppiumCommandExecutor.execute(AppiumCommandExecutor.java:239)
	at org.openqa.selenium.remote.RemoteWebDriver.execute(RemoteWebDriver.java:552)
	at io.appium.java_client.DefaultGenericMobileDriver.execute(DefaultGenericMobileDriver.java:41)
	at io.appium.java_client.AppiumDriver.execute(AppiumDriver.java:1)
	at io.appium.java_client.android.AndroidDriver.execute(AndroidDriver.java:1)
	at org.openqa.selenium.remote.RemoteWebDriver.startSession(RemoteWebDriver.java:213)
	at io.appium.java_client.AppiumDriver.startSession(AppiumDriver.java:336)
	at org.openqa.selenium.remote.RemoteWebDriver.&lt;init&gt;(RemoteWebDriver.java:131)
	at io.appium.java_client.DefaultGenericMobileDriver.&lt;init&gt;(DefaultGenericMobileDriver.java:37)
	at io.appium.java_client.AppiumDriver.&lt;init&gt;(AppiumDriver.java:88)
	at io.appium.java_client.AppiumDriver.&lt;init&gt;(AppiumDriver.java:98)
	at io.appium.java_client.android.AndroidDriver.&lt;init&gt;(AndroidDriver.java:94)
	at AppiumPractise.AppiumFrameworkPractise.Base.Capabilities(Base.java:88)
	at AppiumPractise.AppiumFrameworkPractise.ApiDemoTest.ApiDemoApp(ApiDemoTest.java:20)
	at java.base/jdk.internal.reflect.NativeMethodAccessorImpl.invoke0(Native Method)
	at java.base/jdk.internal.reflect.NativeMethodAccessorImpl.invoke(Unknown Source)
	at java.base/jdk.internal.reflect.DelegatingMethodAccessorImpl.invoke(Unknown Source)
	at java.base/java.lang.reflect.Method.invoke(Unknown Source)
	at org.testng.internal.MethodInvocationHelper.invokeMethod(MethodInvocationHelper.java:135)
	at org.testng.internal.TestInvoker.invokeMethod(TestInvoker.java:598)
	at org.testng.internal.TestInvoker.invokeTestMethod(TestInvoker.java:174)
	at org.testng.internal.MethodRunner.runInSequence(MethodRunner.java:46)
	at org.testng.internal.TestInvoker$MethodInvocationAgent.invoke(TestInvoker.java:821)
	at org.testng.internal.TestInvoker.invokeTestMethods(TestInvoker.java:147)
	at org.testng.internal.TestMethodWorker.invokeTestMethods(TestMethodWorker.java:146)
	at org.testng.internal.TestMethodWorker.run(TestMethodWorker.java:128)
	at java.base/java.util.ArrayList.forEach(Unknown Source)
	at org.testng.TestRunner.privateRun(TestRunner.java:767)
	at org.testng.TestRunner.run(TestRunner.java:588)
	at org.testng.SuiteRunner.runTest(SuiteRunner.java:384)
	at org.testng.SuiteRunner.runSequentially(SuiteRunner.java:378)
	at org.testng.SuiteRunner.privateRun(SuiteRunner.java:337)
	at org.testng.SuiteRunner.run(SuiteRunner.java:286)
	at org.testng.SuiteRunnerWorker.runSuite(SuiteRunnerWorker.java:53)
	at org.testng.SuiteRunnerWorker.run(SuiteRunnerWorker.java:96)
	at org.testng.TestNG.runSuitesSequentially(TestNG.java:1214)
	at org.testng.TestNG.runSuitesLocally(TestNG.java:1136)
	at org.testng.TestNG.runSuites(TestNG.java:1066)
	at org.testng.TestNG.run(TestNG.java:1034)
	at org.testng.remote.AbstractRemoteTestNG.run(AbstractRemoteTestNG.java:115)
	at org.testng.remote.RemoteTestNG.initAndRun(RemoteTestNG.java:251)
	at org.testng.remote.RemoteTestNG.main(RemoteTestNG.java:77)
Caused by: java.lang.reflect.InvocationTargetException
	at java.base/jdk.internal.reflect.NativeMethodAccessorImpl.invoke0(Native Method)
	at java.base/jdk.internal.reflect.NativeMethodAccessorImpl.invoke(Unknown Source)
	at java.base/jdk.internal.reflect.DelegatingMethodAccessorImpl.invoke(Unknown Source)
	at java.base/java.lang.reflect.Method.invoke(Unknown Source)
	at io.appium.java_client.remote.AppiumCommandExecutor$1.createSession(AppiumCommandExecutor.java:186)
	... 43 more
Caused by: org.openqa.selenium.WebDriverException: An unknown server-side error occurred while processing the command. Original error: Could not find &apos;adb.exe&apos; in [&quot;C:\\Users\\z003srtv\\AppData\\Local\\Android\\Sdk;C:\\Users\\z003srtv\\AppData\\Local\\Android\\Sdk\\platform-tools;C:\\Users\\z003srtv\\AppData\\Local\\Android\\Sdk\\tools;C:\\Users\\z003srtv\\AppData\\Local\\Android\\Sdk\\tools\\bin;\\platform-tools\\adb.exe&quot;,&quot;C:\\Users\\z003srtv\\AppData\\Local\\Android\\Sdk;C:\\Users\\z003srtv\\AppData\\Local\\Android\\Sdk\\platform-tools;C:\\Users\\z003srtv\\AppData\\Local\\Android\\Sdk\\tools;C:\\Users\\z003srtv\\AppData\\Local\\Android\\Sdk\\tools\\bin;\\emulator\\adb.exe&quot;,&quot;C:\\Users\\z003srtv\\AppData\\Local\\Android\\Sdk;C:\\Users\\z003srtv\\AppData\\Local\\Android\\Sdk\\platform-tools;C:\\Users\\z003srtv\\AppData\\Local\\Android\\Sdk\\tools;C:\\Users\\z003srtv\\AppData\\Local\\Android\\Sdk\\tools\\bin;\\tools\\adb.exe&quot;,&quot;C:\\Users\\z003srtv\\AppData\\Local\\Android\\Sdk;C:\\Users\\z003srtv\\AppData\\Local\\Android\\Sdk\\platform-tools;C:\\Users\\z003srtv\\AppData\\Local\\Android\\Sdk\\tools;C:\\Users\\z003srtv\\AppData\\Local\\Android\\Sdk\\tools\\bin;\\tools\\bin\\adb.exe&quot;]. Do you have Android Build Tools installed at &apos;C:\Users\z003srtv\AppData\Local\Android\Sdk;C:\Users\z003srtv\AppData\Local\Android\Sdk\platform-tools;C:\Users\z003srtv\AppData\Local\Android\Sdk\tools;C:\Users\z003srtv\AppData\Local\Android\Sdk\tools\bin;&apos;?
Build info: version: &apos;3.141.59&apos;, revision: &apos;e82be7d358&apos;, time: &apos;2018-11-14T08:17:03&apos;
System info: host: &apos;EVT01213NB&apos;, ip: &apos;192.168.192.1&apos;, os.name: &apos;Windows 10&apos;, os.arch: &apos;amd64&apos;, os.version: &apos;10.0&apos;, java.version: &apos;10.0.2&apos;
Driver info: driver.version: AndroidDriver
remote stacktrace: UnknownError: An unknown server-side error occurred while processing the command. Original error: Could not find &apos;adb.exe&apos; in [&quot;C:\\Users\\z003srtv\\AppData\\Local\\Android\\Sdk;C:\\Users\\z003srtv\\AppData\\Local\\Android\\Sdk\\platform-tools;C:\\Users\\z003srtv\\AppData\\Local\\Android\\Sdk\\tools;C:\\Users\\z003srtv\\AppData\\Local\\Android\\Sdk\\tools\\bin;\\platform-tools\\adb.exe&quot;,&quot;C:\\Users\\z003srtv\\AppData\\Local\\Android\\Sdk;C:\\Users\\z003srtv\\AppData\\Local\\Android\\Sdk\\platform-tools;C:\\Users\\z003srtv\\AppData\\Local\\Android\\Sdk\\tools;C:\\Users\\z003srtv\\AppData\\Local\\Android\\Sdk\\tools\\bin;\\emulator\\adb.exe&quot;,&quot;C:\\Users\\z003srtv\\AppData\\Local\\Android\\Sdk;C:\\Users\\z003srtv\\AppData\\Local\\Android\\Sdk\\platform-tools;C:\\Users\\z003srtv\\AppData\\Local\\Android\\Sdk\\tools;C:\\Users\\z003srtv\\AppData\\Local\\Android\\Sdk\\tools\\bin;\\tools\\adb.exe&quot;,&quot;C:\\Users\\z003srtv\\AppData\\Local\\Android\\Sdk;C:\\Users\\z003srtv\\AppData\\Local\\Android\\Sdk\\platform-tools;C:\\Users\\z003srtv\\AppData\\Local\\Android\\Sdk\\tools;C:\\Users\\z003srtv\\AppData\\Local\\Android\\Sdk\\tools\\bin;\\tools\\bin\\adb.exe&quot;]. Do you have Android Build Tools installed at &apos;C:\Users\z003srtv\AppData\Local\Android\Sdk;C:\Users\z003srtv\AppData\Local\Android\Sdk\platform-tools;C:\Users\z003srtv\AppData\Local\Android\Sdk\tools;C:\Users\z003srtv\AppData\Local\Android\Sdk\tools\bin;&apos;?
    at getResponseForW3CError (C:\Users\z003srtv\AppData\Roaming\npm\node_modules\appium\node_modules\appium-base-driver\lib\protocol\errors.js:804:9)
    at asyncHandler (C:\Users\z003srtv\AppData\Roaming\npm\node_modules\appium\node_modules\appium-base-driver\lib\protocol\protocol.js:392:37)
	at java.base/jdk.internal.reflect.NativeConstructorAccessorImpl.newInstance0(Native Method)
	at java.base/jdk.internal.reflect.NativeConstructorAccessorImpl.newInstance(Unknown Source)
	at java.base/jdk.internal.reflect.DelegatingConstructorAccessorImpl.newInstance(Unknown Source)
	at java.base/java.lang.reflect.Constructor.newInstance(Unknown Source)
	at org.openqa.selenium.remote.W3CHandshakeResponse.lambda$errorHandler$0(W3CHandshakeResponse.java:62)
	at org.openqa.selenium.remote.HandshakeResponse.lambda$getResponseFunction$0(HandshakeResponse.java:30)
	at org.openqa.selenium.remote.ProtocolHandshake.lambda$createSession$0(ProtocolHandshake.java:126)
	at java.base/java.util.stream.ReferencePipeline$3$1.accept(Unknown Source)
	at java.base/java.util.Spliterators$ArraySpliterator.tryAdvance(Unknown Source)
	at java.base/java.util.stream.ReferencePipeline.forEachWithCancel(Unknown Source)
	at java.base/java.util.stream.AbstractPipeline.copyIntoWithCancel(Unknown Source)
	at java.base/java.util.stream.AbstractPipeline.copyInto(Unknown Source)
	at java.base/java.util.stream.AbstractPipeline.wrapAndCopyInto(Unknown Source)
	at java.base/java.util.stream.FindOps$FindOp.evaluateSequential(Unknown Source)
	at java.base/java.util.stream.AbstractPipeline.evaluate(Unknown Source)
	at java.base/java.util.stream.ReferencePipeline.findFirst(Unknown Source)
	at org.openqa.selenium.remote.ProtocolHandshake.createSession(ProtocolHandshake.java:128)
	... 48 more
</pre></div></td>
<td>8</td>
<td>AppiumPractise.AppiumFrameworkPractise.ApiDemoTest@fa49800</td></tr>
<tr>
<td title='AppiumPractise.AppiumFrameworkPractise.ECommerce_tc_3.totalValidation()'><b>totalValidation</b><br>Test class: AppiumPractise.AppiumFrameworkPractise.ECommerce_tc_3</td>
<td><div><pre>org.openqa.selenium.SessionNotCreatedException: Unable to create a new remote session. Please check the server log for more details. Original error: Unable to parse remote response: &lt;!DOCTYPE html&gt;
&lt;html lang=&quot;en&quot;&gt;
&lt;head&gt;
&lt;meta charset=&quot;utf-8&quot;&gt;
&lt;title&gt;Error&lt;/title&gt;
&lt;/head&gt;
&lt;body&gt;
&lt;pre&gt;Error: EPIPE: broken pipe, write&lt;br&gt; &amp;nbsp; &amp;nbsp;at Socket._write (internal/net.js:62:25)&lt;br&gt; &amp;nbsp; &amp;nbsp;at doWrite (_stream_writable.js:441:12)&lt;br&gt; &amp;nbsp; &amp;nbsp;at writeOrBuffer (_stream_writable.js:425:5)&lt;br&gt; &amp;nbsp; &amp;nbsp;at Socket.Writable.write (_stream_writable.js:316:11)&lt;br&gt; &amp;nbsp; &amp;nbsp;at Console.log (C:\Users\z003srtv\AppData\Roaming\npm\node_modules\appium\node_modules\winston\lib\winston\transports\console.js:79:23)&lt;br&gt; &amp;nbsp; &amp;nbsp;at Console._write (C:\Users\z003srtv\AppData\Roaming\npm\node_modules\appium\node_modules\winston-transport\index.js:102:17)&lt;br&gt; &amp;nbsp; &amp;nbsp;at doWrite (C:\Users\z003srtv\AppData\Roaming\npm\node_modules\appium\node_modules\readable-stream\lib\_stream_writable.js:428:64)&lt;br&gt; &amp;nbsp; &amp;nbsp;at writeOrBuffer (C:\Users\z003srtv\AppData\Roaming\npm\node_modules\appium\node_modules\readable-stream\lib\_stream_writable.js:417:5)&lt;br&gt; &amp;nbsp; &amp;nbsp;at Console.Writable.write (C:\Users\z003srtv\AppData\Roaming\npm\node_modules\appium\node_modules\readable-stream\lib\_stream_writable.js:334:11)&lt;br&gt; &amp;nbsp; &amp;nbsp;at DerivedLogger.ondata (C:\Users\z003srtv\AppData\Roaming\npm\node_modules\appium\node_modules\winston\node_modules\readable-stream\lib\_stream_readable.js:681:20)&lt;br&gt; &amp;nbsp; &amp;nbsp;at DerivedLogger.emit (events.js:311:20)&lt;br&gt; &amp;nbsp; &amp;nbsp;at addChunk (C:\Users\z003srtv\AppData\Roaming\npm\node_modules\appium\node_modules\winston\node_modules\readable-stream\lib\_stream_readable.js:298:12)&lt;br&gt; &amp;nbsp; &amp;nbsp;at readableAddChunk (C:\Users\z003srtv\AppData\Roaming\npm\node_modules\appium\node_modules\winston\node_modules\readable-stream\lib\_stream_readable.js:280:11)&lt;br&gt; &amp;nbsp; &amp;nbsp;at DerivedLogger.Readable.push (C:\Users\z003srtv\AppData\Roaming\npm\node_modules\appium\node_modules\winston\node_modules\readable-stream\lib\_stream_readable.js:241:10)&lt;br&gt; &amp;nbsp; &amp;nbsp;at DerivedLogger.Transform.push (C:\Users\z003srtv\AppData\Roaming\npm\node_modules\appium\node_modules\winston\node_modules\readable-stream\lib\_stream_transform.js:139:32)&lt;br&gt; &amp;nbsp; &amp;nbsp;at DerivedLogger._transform (C:\Users\z003srtv\AppData\Roaming\npm\node_modules\appium\node_modules\winston\lib\winston\logger.js:305:12)&lt;br&gt; &amp;nbsp; &amp;nbsp;at DerivedLogger.Transform._read (C:\Users\z003srtv\AppData\Roaming\npm\node_modules\appium\node_modules\winston\node_modules\readable-stream\lib\_stream_transform.js:177:10)&lt;br&gt; &amp;nbsp; &amp;nbsp;at DerivedLogger.Transform._write (C:\Users\z003srtv\AppData\Roaming\npm\node_modules\appium\node_modules\winston\node_modules\readable-stream\lib\_stream_transform.js:164:83)&lt;br&gt; &amp;nbsp; &amp;nbsp;at doWrite (C:\Users\z003srtv\AppData\Roaming\npm\node_modules\appium\node_modules\winston\node_modules\readable-stream\lib\_stream_writable.js:409:139)&lt;br&gt; &amp;nbsp; &amp;nbsp;at writeOrBuffer (C:\Users\z003srtv\AppData\Roaming\npm\node_modules\appium\node_modules\winston\node_modules\readable-stream\lib\_stream_writable.js:398:5)&lt;br&gt; &amp;nbsp; &amp;nbsp;at DerivedLogger.Writable.write (C:\Users\z003srtv\AppData\Roaming\npm\node_modules\appium\node_modules\winston\node_modules\readable-stream\lib\_stream_writable.js:307:11)&lt;br&gt; &amp;nbsp; &amp;nbsp;at DerivedLogger.&amp;lt;computed&amp;gt; [as info] (C:\Users\z003srtv\AppData\Roaming\npm\node_modules\appium\node_modules\winston\lib\winston\create-logger.js:81:14)&lt;/pre&gt;
&lt;/body&gt;
&lt;/html&gt;

Build info: version: &apos;3.141.59&apos;, revision: &apos;e82be7d358&apos;, time: &apos;2018-11-14T08:17:03&apos;
System info: host: &apos;EVT01213NB&apos;, ip: &apos;192.168.192.1&apos;, os.name: &apos;Windows 10&apos;, os.arch: &apos;amd64&apos;, os.version: &apos;10.0&apos;, java.version: &apos;10.0.2&apos;
Driver info: driver.version: AndroidDriver
	at io.appium.java_client.remote.AppiumCommandExecutor$1.createSession(AppiumCommandExecutor.java:208)
	at io.appium.java_client.remote.AppiumCommandExecutor.createSession(AppiumCommandExecutor.java:217)
	at io.appium.java_client.remote.AppiumCommandExecutor.execute(AppiumCommandExecutor.java:239)
	at org.openqa.selenium.remote.RemoteWebDriver.execute(RemoteWebDriver.java:552)
	at io.appium.java_client.DefaultGenericMobileDriver.execute(DefaultGenericMobileDriver.java:41)
	at io.appium.java_client.AppiumDriver.execute(AppiumDriver.java:1)
	at io.appium.java_client.android.AndroidDriver.execute(AndroidDriver.java:1)
	at org.openqa.selenium.remote.RemoteWebDriver.startSession(RemoteWebDriver.java:213)
	at io.appium.java_client.AppiumDriver.startSession(AppiumDriver.java:336)
	at org.openqa.selenium.remote.RemoteWebDriver.&lt;init&gt;(RemoteWebDriver.java:131)
	at io.appium.java_client.DefaultGenericMobileDriver.&lt;init&gt;(DefaultGenericMobileDriver.java:37)
	at io.appium.java_client.AppiumDriver.&lt;init&gt;(AppiumDriver.java:88)
	at io.appium.java_client.AppiumDriver.&lt;init&gt;(AppiumDriver.java:98)
	at io.appium.java_client.android.AndroidDriver.&lt;init&gt;(AndroidDriver.java:94)
	at AppiumPractise.AppiumFrameworkPractise.Base.Capabilities(Base.java:88)
	at AppiumPractise.AppiumFrameworkPractise.ECommerce_tc_3.totalValidation(ECommerce_tc_3.java:23)
	at java.base/java.util.ArrayList.forEach(Unknown Source)
	at io.appium.java_client.remote.AppiumCommandExecutor$1.createSession(AppiumCommandExecutor.java:186)
	... 43 more
Caused by: org.openqa.selenium.WebDriverException: Unable to parse remote response: &lt;!DOCTYPE html&gt;
&lt;html lang=&quot;en&quot;&gt;
&lt;head&gt;
&lt;meta charset=&quot;utf-8&quot;&gt;
&lt;title&gt;Error&lt;/title&gt;
&lt;/head&gt;
&lt;body&gt;
&lt;pre&gt;Error: EPIPE: broken pipe, write&lt;br&gt; &amp;nbsp; &amp;nbsp;at Socket._write (internal/net.js:62:25)&lt;br&gt; &amp;nbsp; &amp;nbsp;at doWrite (_stream_writable.js:441:12)&lt;br&gt; &amp;nbsp; &amp;nbsp;at writeOrBuffer (_stream_writable.js:425:5)&lt;br&gt; &amp;nbsp; &amp;nbsp;at Socket.Writable.write (_stream_writable.js:316:11)&lt;br&gt; &amp;nbsp; &amp;nbsp;at Console.log (C:\Users\z003srtv\AppData\Roaming\npm\node_modules\appium\node_modules\winston\lib\winston\transports\console.js:79:23)&lt;br&gt; &amp;nbsp; &amp;nbsp;at Console._write (C:\Users\z003srtv\AppData\Roaming\npm\node_modules\appium\node_modules\winston-transport\index.js:102:17)&lt;br&gt; &amp;nbsp; &amp;nbsp;at doWrite (C:\Users\z003srtv\AppData\Roaming\npm\node_modules\appium\node_modules\readable-stream\lib\_stream_writable.js:428:64)&lt;br&gt; &amp;nbsp; &amp;nbsp;at writeOrBuffer (C:\Users\z003srtv\AppData\Roaming\npm\node_modules\appium\node_modules\readable-stream\lib\_stream_writable.js:417:5)&lt;br&gt; &amp;nbsp; &amp;nbsp;at Console.Writable.write (C:\Users\z003srtv\AppData\Roaming\npm\node_modules\appium\node_modules\readable-stream\lib\_stream_writable.js:334:11)&lt;br&gt; &amp;nbsp; &amp;nbsp;at DerivedLogger.ondata (C:\Users\z003srtv\AppData\Roaming\npm\node_modules\appium\node_modules\winston\node_modules\readable-stream\lib\_stream_readable.js:681:20)&lt;br&gt; &amp;nbsp; &amp;nbsp;at DerivedLogger.emit (events.js:311:20)&lt;br&gt; &amp;nbsp; &amp;nbsp;at addChunk (C:\Users\z003srtv\AppData\Roaming\npm\node_modules\appium\node_modules\winston\node_modules\readable-stream\lib\_stream_readable.js:298:12)&lt;br&gt; &amp;nbsp; &amp;nbsp;at readableAddChunk (C:\Users\z003srtv\AppData\Roaming\npm\node_modules\appium\node_modules\winston\node_modules\readable-stream\lib\_stream_readable.js:280:11)&lt;br&gt; &amp;nbsp; &amp;nbsp;at DerivedLogger.Readable.push (C:\Users\z003srtv\AppData\Roaming\npm\node_modules\appium\node_modules\winston\node_modules\readable-stream\lib\_stream_readable.js:241:10)&lt;br&gt; &amp;nbsp; &amp;nbsp;at DerivedLogger.Transform.push (C:\Users\z003srtv\AppData\Roaming\npm\node_modules\appium\node_modules\winston\node_modules\readable-stream\lib\_stream_transform.js:139:32)&lt;br&gt; &amp;nbsp; &amp;nbsp;at DerivedLogger._transform (C:\Users\z003srtv\AppData\Roaming\npm\node_modules\appium\node_modules\winston\lib\winston\logger.js:305:12)&lt;br&gt; &amp;nbsp; &amp;nbsp;at DerivedLogger.Transform._read (C:\Users\z003srtv\AppData\Roaming\npm\node_modules\appium\node_modules\winston\node_modules\readable-stream\lib\_stream_transform.js:177:10)&lt;br&gt; &amp;nbsp; &amp;nbsp;at DerivedLogger.Transform._write (C:\Users\z003srtv\AppData\Roaming\npm\node_modules\appium\node_modules\winston\node_modules\readable-stream\lib\_stream_transform.js:164:83)&lt;br&gt; &amp;nbsp; &amp;nbsp;at doWrite (C:\Users\z003srtv\AppData\Roaming\npm\node_modules\appium\node_modules\winston\node_modules\readable-stream\lib\_stream_writable.js:409:139)&lt;br&gt; &amp;nbsp; &amp;nbsp;at writeOrBuffer (C:\Users\z003srtv\AppData\Roaming\npm\node_modules\appium\node_modules\winston\node_modules\readable-stream\lib\_stream_writable.js:398:5)&lt;br&gt; &amp;nbsp; &amp;nbsp;at DerivedLogger.Writable.write (C:\Users\z003srtv\AppData\Roaming\npm\node_modules\appium\node_modules\winston\node_modules\readable-stream\lib\_stream_writable.js:307:11)&lt;br&gt; &amp;nbsp; &amp;nbsp;at DerivedLogger.&amp;lt;computed&amp;gt; [as info] (C:\Users\z003srtv\AppData\Roaming\npm\node_modules\appium\node_modules\winston\lib\winston\create-logger.js:81:14)&lt;/pre&gt;
&lt;/body&gt;
&lt;/html&gt;

	at org.openqa.selenium.remote.ProtocolHandshake.createSession(ProtocolHandshake.java:115)
	... 48 more
Caused by: org.openqa.selenium.json.JsonException: Unable to determine type from: &lt;. Last 1 characters read: &lt;
Build info: version: &apos;3.141.59&apos;, revision: &apos;e82be7d358&apos;, time: &apos;2018-11-14T08:17:03&apos;
System info: host: &apos;EVT01213NB&apos;, ip: &apos;192.168.192.1&apos;, os.name: &apos;Windows 10&apos;, os.arch: &apos;amd64&apos;, os.version: &apos;10.0&apos;, java.version: &apos;10.0.2&apos;
Driver info: driver.version: AndroidDriver
	at org.openqa.selenium.json.JsonInput.peek(JsonInput.java:122)
	at org.openqa.selenium.json.JsonTypeCoercer.lambda$null$6(JsonTypeCoercer.java:140)
	at org.openqa.selenium.json.JsonTypeCoercer.coerce(JsonTypeCoercer.java:126)
	at org.openqa.selenium.json.Json.toType(Json.java:69)
	at org.openqa.selenium.json.Json.toType(Json.java:55)
	at org.openqa.selenium.json.Json.toType(Json.java:50)
	at org.openqa.selenium.remote.ProtocolHandshake.createSession(ProtocolHandshake.java:112)
	... 48 more
... Removed 32 stack frames</pre></div><a href='#' onClick='toggleBox("stack-trace854653864", this, "Click to show all stack frames", "Click to hide stack frames")'>Click to show all stack frames</a>
<div class='stack-trace' id='stack-trace854653864'><pre>org.openqa.selenium.SessionNotCreatedException: Unable to create a new remote session. Please check the server log for more details. Original error: Unable to parse remote response: &lt;!DOCTYPE html&gt;
&lt;html lang=&quot;en&quot;&gt;
&lt;head&gt;
&lt;meta charset=&quot;utf-8&quot;&gt;
&lt;title&gt;Error&lt;/title&gt;
&lt;/head&gt;
&lt;body&gt;
&lt;pre&gt;Error: EPIPE: broken pipe, write&lt;br&gt; &amp;nbsp; &amp;nbsp;at Socket._write (internal/net.js:62:25)&lt;br&gt; &amp;nbsp; &amp;nbsp;at doWrite (_stream_writable.js:441:12)&lt;br&gt; &amp;nbsp; &amp;nbsp;at writeOrBuffer (_stream_writable.js:425:5)&lt;br&gt; &amp;nbsp; &amp;nbsp;at Socket.Writable.write (_stream_writable.js:316:11)&lt;br&gt; &amp;nbsp; &amp;nbsp;at Console.log (C:\Users\z003srtv\AppData\Roaming\npm\node_modules\appium\node_modules\winston\lib\winston\transports\console.js:79:23)&lt;br&gt; &amp;nbsp; &amp;nbsp;at Console._write (C:\Users\z003srtv\AppData\Roaming\npm\node_modules\appium\node_modules\winston-transport\index.js:102:17)&lt;br&gt; &amp;nbsp; &amp;nbsp;at doWrite (C:\Users\z003srtv\AppData\Roaming\npm\node_modules\appium\node_modules\readable-stream\lib\_stream_writable.js:428:64)&lt;br&gt; &amp;nbsp; &amp;nbsp;at writeOrBuffer (C:\Users\z003srtv\AppData\Roaming\npm\node_modules\appium\node_modules\readable-stream\lib\_stream_writable.js:417:5)&lt;br&gt; &amp;nbsp; &amp;nbsp;at Console.Writable.write (C:\Users\z003srtv\AppData\Roaming\npm\node_modules\appium\node_modules\readable-stream\lib\_stream_writable.js:334:11)&lt;br&gt; &amp;nbsp; &amp;nbsp;at DerivedLogger.ondata (C:\Users\z003srtv\AppData\Roaming\npm\node_modules\appium\node_modules\winston\node_modules\readable-stream\lib\_stream_readable.js:681:20)&lt;br&gt; &amp;nbsp; &amp;nbsp;at DerivedLogger.emit (events.js:311:20)&lt;br&gt; &amp;nbsp; &amp;nbsp;at addChunk (C:\Users\z003srtv\AppData\Roaming\npm\node_modules\appium\node_modules\winston\node_modules\readable-stream\lib\_stream_readable.js:298:12)&lt;br&gt; &amp;nbsp; &amp;nbsp;at readableAddChunk (C:\Users\z003srtv\AppData\Roaming\npm\node_modules\appium\node_modules\winston\node_modules\readable-stream\lib\_stream_readable.js:280:11)&lt;br&gt; &amp;nbsp; &amp;nbsp;at DerivedLogger.Readable.push (C:\Users\z003srtv\AppData\Roaming\npm\node_modules\appium\node_modules\winston\node_modules\readable-stream\lib\_stream_readable.js:241:10)&lt;br&gt; &amp;nbsp; &amp;nbsp;at DerivedLogger.Transform.push (C:\Users\z003srtv\AppData\Roaming\npm\node_modules\appium\node_modules\winston\node_modules\readable-stream\lib\_stream_transform.js:139:32)&lt;br&gt; &amp;nbsp; &amp;nbsp;at DerivedLogger._transform (C:\Users\z003srtv\AppData\Roaming\npm\node_modules\appium\node_modules\winston\lib\winston\logger.js:305:12)&lt;br&gt; &amp;nbsp; &amp;nbsp;at DerivedLogger.Transform._read (C:\Users\z003srtv\AppData\Roaming\npm\node_modules\appium\node_modules\winston\node_modules\readable-stream\lib\_stream_transform.js:177:10)&lt;br&gt; &amp;nbsp; &amp;nbsp;at DerivedLogger.Transform._write (C:\Users\z003srtv\AppData\Roaming\npm\node_modules\appium\node_modules\winston\node_modules\readable-stream\lib\_stream_transform.js:164:83)&lt;br&gt; &amp;nbsp; &amp;nbsp;at doWrite (C:\Users\z003srtv\AppData\Roaming\npm\node_modules\appium\node_modules\winston\node_modules\readable-stream\lib\_stream_writable.js:409:139)&lt;br&gt; &amp;nbsp; &amp;nbsp;at writeOrBuffer (C:\Users\z003srtv\AppData\Roaming\npm\node_modules\appium\node_modules\winston\node_modules\readable-stream\lib\_stream_writable.js:398:5)&lt;br&gt; &amp;nbsp; &amp;nbsp;at DerivedLogger.Writable.write (C:\Users\z003srtv\AppData\Roaming\npm\node_modules\appium\node_modules\winston\node_modules\readable-stream\lib\_stream_writable.js:307:11)&lt;br&gt; &amp;nbsp; &amp;nbsp;at DerivedLogger.&amp;lt;computed&amp;gt; [as info] (C:\Users\z003srtv\AppData\Roaming\npm\node_modules\appium\node_modules\winston\lib\winston\create-logger.js:81:14)&lt;/pre&gt;
&lt;/body&gt;
&lt;/html&gt;

Build info: version: &apos;3.141.59&apos;, revision: &apos;e82be7d358&apos;, time: &apos;2018-11-14T08:17:03&apos;
System info: host: &apos;EVT01213NB&apos;, ip: &apos;192.168.192.1&apos;, os.name: &apos;Windows 10&apos;, os.arch: &apos;amd64&apos;, os.version: &apos;10.0&apos;, java.version: &apos;10.0.2&apos;
Driver info: driver.version: AndroidDriver
	at io.appium.java_client.remote.AppiumCommandExecutor$1.createSession(AppiumCommandExecutor.java:208)
	at io.appium.java_client.remote.AppiumCommandExecutor.createSession(AppiumCommandExecutor.java:217)
	at io.appium.java_client.remote.AppiumCommandExecutor.execute(AppiumCommandExecutor.java:239)
	at org.openqa.selenium.remote.RemoteWebDriver.execute(RemoteWebDriver.java:552)
	at io.appium.java_client.DefaultGenericMobileDriver.execute(DefaultGenericMobileDriver.java:41)
	at io.appium.java_client.AppiumDriver.execute(AppiumDriver.java:1)
	at io.appium.java_client.android.AndroidDriver.execute(AndroidDriver.java:1)
	at org.openqa.selenium.remote.RemoteWebDriver.startSession(RemoteWebDriver.java:213)
	at io.appium.java_client.AppiumDriver.startSession(AppiumDriver.java:336)
	at org.openqa.selenium.remote.RemoteWebDriver.&lt;init&gt;(RemoteWebDriver.java:131)
	at io.appium.java_client.DefaultGenericMobileDriver.&lt;init&gt;(DefaultGenericMobileDriver.java:37)
	at io.appium.java_client.AppiumDriver.&lt;init&gt;(AppiumDriver.java:88)
	at io.appium.java_client.AppiumDriver.&lt;init&gt;(AppiumDriver.java:98)
	at io.appium.java_client.android.AndroidDriver.&lt;init&gt;(AndroidDriver.java:94)
	at AppiumPractise.AppiumFrameworkPractise.Base.Capabilities(Base.java:88)
	at AppiumPractise.AppiumFrameworkPractise.ECommerce_tc_3.totalValidation(ECommerce_tc_3.java:23)
	at java.base/jdk.internal.reflect.NativeMethodAccessorImpl.invoke0(Native Method)
	at java.base/jdk.internal.reflect.NativeMethodAccessorImpl.invoke(Unknown Source)
	at java.base/jdk.internal.reflect.DelegatingMethodAccessorImpl.invoke(Unknown Source)
	at java.base/java.lang.reflect.Method.invoke(Unknown Source)
	at org.testng.internal.MethodInvocationHelper.invokeMethod(MethodInvocationHelper.java:135)
	at org.testng.internal.TestInvoker.invokeMethod(TestInvoker.java:598)
	at org.testng.internal.TestInvoker.invokeTestMethod(TestInvoker.java:174)
	at org.testng.internal.MethodRunner.runInSequence(MethodRunner.java:46)
	at org.testng.internal.TestInvoker$MethodInvocationAgent.invoke(TestInvoker.java:821)
	at org.testng.internal.TestInvoker.invokeTestMethods(TestInvoker.java:147)
	at org.testng.internal.TestMethodWorker.invokeTestMethods(TestMethodWorker.java:146)
	at org.testng.internal.TestMethodWorker.run(TestMethodWorker.java:128)
	at java.base/java.util.ArrayList.forEach(Unknown Source)
	at org.testng.TestRunner.privateRun(TestRunner.java:767)
	at org.testng.TestRunner.run(TestRunner.java:588)
	at org.testng.SuiteRunner.runTest(SuiteRunner.java:384)
	at org.testng.SuiteRunner.runSequentially(SuiteRunner.java:378)
	at org.testng.SuiteRunner.privateRun(SuiteRunner.java:337)
	at org.testng.SuiteRunner.run(SuiteRunner.java:286)
	at org.testng.SuiteRunnerWorker.runSuite(SuiteRunnerWorker.java:53)
	at org.testng.SuiteRunnerWorker.run(SuiteRunnerWorker.java:96)
	at org.testng.TestNG.runSuitesSequentially(TestNG.java:1214)
	at org.testng.TestNG.runSuitesLocally(TestNG.java:1136)
	at org.testng.TestNG.runSuites(TestNG.java:1066)
	at org.testng.TestNG.run(TestNG.java:1034)
	at org.testng.remote.AbstractRemoteTestNG.run(AbstractRemoteTestNG.java:115)
	at org.testng.remote.RemoteTestNG.initAndRun(RemoteTestNG.java:251)
	at org.testng.remote.RemoteTestNG.main(RemoteTestNG.java:77)
Caused by: java.lang.reflect.InvocationTargetException
	at java.base/jdk.internal.reflect.NativeMethodAccessorImpl.invoke0(Native Method)
	at java.base/jdk.internal.reflect.NativeMethodAccessorImpl.invoke(Unknown Source)
	at java.base/jdk.internal.reflect.DelegatingMethodAccessorImpl.invoke(Unknown Source)
	at java.base/java.lang.reflect.Method.invoke(Unknown Source)
	at io.appium.java_client.remote.AppiumCommandExecutor$1.createSession(AppiumCommandExecutor.java:186)
	... 43 more
Caused by: org.openqa.selenium.WebDriverException: Unable to parse remote response: &lt;!DOCTYPE html&gt;
&lt;html lang=&quot;en&quot;&gt;
&lt;head&gt;
&lt;meta charset=&quot;utf-8&quot;&gt;
&lt;title&gt;Error&lt;/title&gt;
&lt;/head&gt;
&lt;body&gt;
&lt;pre&gt;Error: EPIPE: broken pipe, write&lt;br&gt; &amp;nbsp; &amp;nbsp;at Socket._write (internal/net.js:62:25)&lt;br&gt; &amp;nbsp; &amp;nbsp;at doWrite (_stream_writable.js:441:12)&lt;br&gt; &amp;nbsp; &amp;nbsp;at writeOrBuffer (_stream_writable.js:425:5)&lt;br&gt; &amp;nbsp; &amp;nbsp;at Socket.Writable.write (_stream_writable.js:316:11)&lt;br&gt; &amp;nbsp; &amp;nbsp;at Console.log (C:\Users\z003srtv\AppData\Roaming\npm\node_modules\appium\node_modules\winston\lib\winston\transports\console.js:79:23)&lt;br&gt; &amp;nbsp; &amp;nbsp;at Console._write (C:\Users\z003srtv\AppData\Roaming\npm\node_modules\appium\node_modules\winston-transport\index.js:102:17)&lt;br&gt; &amp;nbsp; &amp;nbsp;at doWrite (C:\Users\z003srtv\AppData\Roaming\npm\node_modules\appium\node_modules\readable-stream\lib\_stream_writable.js:428:64)&lt;br&gt; &amp;nbsp; &amp;nbsp;at writeOrBuffer (C:\Users\z003srtv\AppData\Roaming\npm\node_modules\appium\node_modules\readable-stream\lib\_stream_writable.js:417:5)&lt;br&gt; &amp;nbsp; &amp;nbsp;at Console.Writable.write (C:\Users\z003srtv\AppData\Roaming\npm\node_modules\appium\node_modules\readable-stream\lib\_stream_writable.js:334:11)&lt;br&gt; &amp;nbsp; &amp;nbsp;at DerivedLogger.ondata (C:\Users\z003srtv\AppData\Roaming\npm\node_modules\appium\node_modules\winston\node_modules\readable-stream\lib\_stream_readable.js:681:20)&lt;br&gt; &amp;nbsp; &amp;nbsp;at DerivedLogger.emit (events.js:311:20)&lt;br&gt; &amp;nbsp; &amp;nbsp;at addChunk (C:\Users\z003srtv\AppData\Roaming\npm\node_modules\appium\node_modules\winston\node_modules\readable-stream\lib\_stream_readable.js:298:12)&lt;br&gt; &amp;nbsp; &amp;nbsp;at readableAddChunk (C:\Users\z003srtv\AppData\Roaming\npm\node_modules\appium\node_modules\winston\node_modules\readable-stream\lib\_stream_readable.js:280:11)&lt;br&gt; &amp;nbsp; &amp;nbsp;at DerivedLogger.Readable.push (C:\Users\z003srtv\AppData\Roaming\npm\node_modules\appium\node_modules\winston\node_modules\readable-stream\lib\_stream_readable.js:241:10)&lt;br&gt; &amp;nbsp; &amp;nbsp;at DerivedLogger.Transform.push (C:\Users\z003srtv\AppData\Roaming\npm\node_modules\appium\node_modules\winston\node_modules\readable-stream\lib\_stream_transform.js:139:32)&lt;br&gt; &amp;nbsp; &amp;nbsp;at DerivedLogger._transform (C:\Users\z003srtv\AppData\Roaming\npm\node_modules\appium\node_modules\winston\lib\winston\logger.js:305:12)&lt;br&gt; &amp;nbsp; &amp;nbsp;at DerivedLogger.Transform._read (C:\Users\z003srtv\AppData\Roaming\npm\node_modules\appium\node_modules\winston\node_modules\readable-stream\lib\_stream_transform.js:177:10)&lt;br&gt; &amp;nbsp; &amp;nbsp;at DerivedLogger.Transform._write (C:\Users\z003srtv\AppData\Roaming\npm\node_modules\appium\node_modules\winston\node_modules\readable-stream\lib\_stream_transform.js:164:83)&lt;br&gt; &amp;nbsp; &amp;nbsp;at doWrite (C:\Users\z003srtv\AppData\Roaming\npm\node_modules\appium\node_modules\winston\node_modules\readable-stream\lib\_stream_writable.js:409:139)&lt;br&gt; &amp;nbsp; &amp;nbsp;at writeOrBuffer (C:\Users\z003srtv\AppData\Roaming\npm\node_modules\appium\node_modules\winston\node_modules\readable-stream\lib\_stream_writable.js:398:5)&lt;br&gt; &amp;nbsp; &amp;nbsp;at DerivedLogger.Writable.write (C:\Users\z003srtv\AppData\Roaming\npm\node_modules\appium\node_modules\winston\node_modules\readable-stream\lib\_stream_writable.js:307:11)&lt;br&gt; &amp;nbsp; &amp;nbsp;at DerivedLogger.&amp;lt;computed&amp;gt; [as info] (C:\Users\z003srtv\AppData\Roaming\npm\node_modules\appium\node_modules\winston\lib\winston\create-logger.js:81:14)&lt;/pre&gt;
&lt;/body&gt;
&lt;/html&gt;

	at org.openqa.selenium.remote.ProtocolHandshake.createSession(ProtocolHandshake.java:115)
	... 48 more
Caused by: org.openqa.selenium.json.JsonException: Unable to determine type from: &lt;. Last 1 characters read: &lt;
Build info: version: &apos;3.141.59&apos;, revision: &apos;e82be7d358&apos;, time: &apos;2018-11-14T08:17:03&apos;
System info: host: &apos;EVT01213NB&apos;, ip: &apos;192.168.192.1&apos;, os.name: &apos;Windows 10&apos;, os.arch: &apos;amd64&apos;, os.version: &apos;10.0&apos;, java.version: &apos;10.0.2&apos;
Driver info: driver.version: AndroidDriver
	at org.openqa.selenium.json.JsonInput.peek(JsonInput.java:122)
	at org.openqa.selenium.json.JsonTypeCoercer.lambda$null$6(JsonTypeCoercer.java:140)
	at org.openqa.selenium.json.JsonTypeCoercer.coerce(JsonTypeCoercer.java:126)
	at org.openqa.selenium.json.Json.toType(Json.java:69)
	at org.openqa.selenium.json.Json.toType(Json.java:55)
	at org.openqa.selenium.json.Json.toType(Json.java:50)
	at org.openqa.selenium.remote.ProtocolHandshake.createSession(ProtocolHandshake.java:112)
	... 48 more
</pre></div></td>
<td>24</td>
<td>AppiumPractise.AppiumFrameworkPractise.ECommerce_tc_3@662b4c69</td></tr>
</table><p>
</body>
</html>