<!DOCTYPE html PUBLIC "-//W3C//DTD XHTML 1.1//EN" "https://www.w3.org/TR/xhtml11/DTD/xhtml11.dtd">
<html xmlns="https://www.w3.org/1999/xhtml">
<head>
<meta http-equiv="content-type" content="text/html; charset=UTF-8"/>
<title>TestNG Report</title>
<style type="text/css">table {margin-bottom:10px;border-collapse:collapse;empty-cells:show}th,td {border:1px solid #009;padding:.25em .5em}th {vertical-align:bottom}td {vertical-align:top}table a {font-weight:bold}.stripe td {background-color: #E6EBF9}.num {text-align:right}.passedodd td {background-color: #3F3}.passedeven td {background-color: #0A0}.skippedodd td {background-color: #DDD}.skippedeven td {background-color: #CCC}.failedodd td,.attn {background-color: #F33}.failedeven td,.stripe .attn {background-color: #D00}.stacktrace {white-space:pre;font-family:monospace}.totop {font-size:85%;text-align:center;border-bottom:2px solid #000}.invisible {display:none}</style>
</head>
<body>
<table>
<tr><th>Test</th><th># Passed</th><th># Skipped</th><th># Retried</th><th># Failed</th><th>Time (ms)</th><th>Included Groups</th><th>Excluded Groups</th></tr>
<tr><th colspan="8">Default suite</th></tr>
<tr><td><a href="#t0">Default test</a></td><td class="num">0</td><td class="num">0</td><td class="num">0</td><td class="num attn">1</td><td class="num">9.238</td><td></td><td></td></tr>
</table>
<table id='summary'><thead><tr><th>Class</th><th>Method</th><th>Start</th><th>Time (ms)</th></tr></thead><tbody><tr><th colspan="4">Default suite</th></tr></tbody><tbody id="t0"><tr><th colspan="4">Default test &#8212; failed</th></tr><tr class="failedeven"><td rowspan="1">AppiumPractise.AppiumFrameworkPractise.ApiDemoTest</td><td><a href="#m0">ApiDemoApp</a></td><td rowspan="1">1588272220025</td><td rowspan="1">9151</td></tr></tbody>
</table>
<h2>Default test</h2><h3 id="m0">AppiumPractise.AppiumFrameworkPractise.ApiDemoTest#ApiDemoApp</h3><table class="result"><tr><th>Exception</th></tr><tr><td><div class="stacktrace">org.openqa.selenium.SessionNotCreatedException: Unable to create a new remote session. Please check the server log for more details. Original error: An unknown server-side error occurred while processing the command. Original error: Could not find &apos;adb.exe&apos; in [&quot;C:\\Users\\z003srtv\\AppData\\Local\\Android\\Sdk;C:\\Users\\z003srtv\\AppData\\Local\\Android\\Sdk\\platform-tools;C:\\Users\\z003srtv\\AppData\\Local\\Android\\Sdk\\tools;C:\\Users\\z003srtv\\AppData\\Local\\Android\\Sdk\\tools\\bin;\\platform-tools\\adb.exe&quot;,&quot;C:\\Users\\z003srtv\\AppData\\Local\\Android\\Sdk;C:\\Users\\z003srtv\\AppData\\Local\\Android\\Sdk\\platform-tools;C:\\Users\\z003srtv\\AppData\\Local\\Android\\Sdk\\tools;C:\\Users\\z003srtv\\AppData\\Local\\Android\\Sdk\\tools\\bin;\\emulator\\adb.exe&quot;,&quot;C:\\Users\\z003srtv\\AppData\\Local\\Android\\Sdk;C:\\Users\\z003srtv\\AppData\\Local\\Android\\Sdk\\platform-tools;C:\\Users\\z003srtv\\AppData\\Local\\Android\\Sdk\\tools;C:\\Users\\z003srtv\\AppData\\Local\\Android\\Sdk\\tools\\bin;\\tools\\adb.exe&quot;,&quot;C:\\Users\\z003srtv\\AppData\\Local\\Android\\Sdk;C:\\Users\\z003srtv\\AppData\\Local\\Android\\Sdk\\platform-tools;C:\\Users\\z003srtv\\AppData\\Local\\Android\\Sdk\\tools;C:\\Users\\z003srtv\\AppData\\Local\\Android\\Sdk\\tools\\bin;\\tools\\bin\\adb.exe&quot;]. Do you have Android Build Tools installed at &apos;C:\Users\z003srtv\AppData\Local\Android\Sdk;C:\Users\z003srtv\AppData\Local\Android\Sdk\platform-tools;C:\Users\z003srtv\AppData\Local\Android\Sdk\tools;C:\Users\z003srtv\AppData\Local\Android\Sdk\tools\bin;&apos;?
Build info: version: &apos;3.141.59&apos;, revision: &apos;e82be7d358&apos;, time: &apos;2018-11-14T08:17:03&apos;
System info: host: &apos;EVT01213NB&apos;, ip: &apos;192.168.192.1&apos;, os.name: &apos;Windows 10&apos;, os.arch: &apos;amd64&apos;, os.version: &apos;10.0&apos;, java.version: &apos;10.0.2&apos;
Driver info: driver.version: AndroidDriver
remote stacktrace: UnknownError: An unknown server-side error occurred while processing the command. Original error: Could not find &apos;adb.exe&apos; in [&quot;C:\\Users\\z003srtv\\AppData\\Local\\Android\\Sdk;C:\\Users\\z003srtv\\AppData\\Local\\Android\\Sdk\\platform-tools;C:\\Users\\z003srtv\\AppData\\Local\\Android\\Sdk\\tools;C:\\Users\\z003srtv\\AppData\\Local\\Android\\Sdk\\tools\\bin;\\platform-tools\\adb.exe&quot;,&quot;C:\\Users\\z003srtv\\AppData\\Local\\Android\\Sdk;C:\\Users\\z003srtv\\AppData\\Local\\Android\\Sdk\\platform-tools;C:\\Users\\z003srtv\\AppData\\Local\\Android\\Sdk\\tools;C:\\Users\\z003srtv\\AppData\\Local\\Android\\Sdk\\tools\\bin;\\emulator\\adb.exe&quot;,&quot;C:\\Users\\z003srtv\\AppData\\Local\\Android\\Sdk;C:\\Users\\z003srtv\\AppData\\Local\\Android\\Sdk\\platform-tools;C:\\Users\\z003srtv\\AppData\\Local\\Android\\Sdk\\tools;C:\\Users\\z003srtv\\AppData\\Local\\Android\\Sdk\\tools\\bin;\\tools\\adb.exe&quot;,&quot;C:\\Users\\z003srtv\\AppData\\Local\\Android\\Sdk;C:\\Users\\z003srtv\\AppData\\Local\\Android\\Sdk\\platform-tools;C:\\Users\\z003srtv\\AppData\\Local\\Android\\Sdk\\tools;C:\\Users\\z003srtv\\AppData\\Local\\Android\\Sdk\\tools\\bin;\\tools\\bin\\adb.exe&quot;]. Do you have Android Build Tools installed at &apos;C:\Users\z003srtv\AppData\Local\Android\Sdk;C:\Users\z003srtv\AppData\Local\Android\Sdk\platform-tools;C:\Users\z003srtv\AppData\Local\Android\Sdk\tools;C:\Users\z003srtv\AppData\Local\Android\Sdk\tools\bin;&apos;?
    at getResponseForW3CError (C:\Users\z003srtv\AppData\Roaming\npm\node_modules\appium\node_modules\appium-base-driver\lib\protocol\errors.js:804:9)
    at asyncHandler (C:\Users\z003srtv\AppData\Roaming\npm\node_modules\appium\node_modules\appium-base-driver\lib\protocol\protocol.js:392:37)
Build info: version: &apos;3.141.59&apos;, revision: &apos;e82be7d358&apos;, time: &apos;2018-11-14T08:17:03&apos;
System info: host: &apos;EVT01213NB&apos;, ip: &apos;192.168.192.1&apos;, os.name: &apos;Windows 10&apos;, os.arch: &apos;amd64&apos;, os.version: &apos;10.0&apos;, java.version: &apos;10.0.2&apos;
Driver info: driver.version: AndroidDriver
	at io.appium.java_client.remote.AppiumCommandExecutor$1.createSession(AppiumCommandExecutor.java:208)
	at io.appium.java_client.remote.AppiumCommandExecutor.createSession(AppiumCommandExecutor.java:217)
	at io.appium.java_client.remote.AppiumCommandExecutor.execute(AppiumCommandExecutor.java:239)
	at org.openqa.selenium.remote.RemoteWebDriver.execute(RemoteWebDriver.java:552)
	at io.appium.java_client.DefaultGenericMobileDriver.execute(DefaultGenericMobileDriver.java:41)
	at io.appium.java_client.AppiumDriver.execute(AppiumDriver.java:1)
	at io.appium.java_client.android.AndroidDriver.execute(AndroidDriver.java:1)
	at org.openqa.selenium.remote.RemoteWebDriver.startSession(RemoteWebDriver.java:213)
	at io.appium.java_client.AppiumDriver.startSession(AppiumDriver.java:336)
	at org.openqa.selenium.remote.RemoteWebDriver.&lt;init&gt;(RemoteWebDriver.java:131)
	at io.appium.java_client.DefaultGenericMobileDriver.&lt;init&gt;(DefaultGenericMobileDriver.java:37)
	at io.appium.java_client.AppiumDriver.&lt;init&gt;(AppiumDriver.java:88)
	at io.appium.java_client.AppiumDriver.&lt;init&gt;(AppiumDriver.java:98)
	at io.appium.java_client.android.AndroidDriver.&lt;init&gt;(AndroidDriver.java:94)
	at AppiumPractise.AppiumFrameworkPractise.Base.Capabilities(Base.java:88)
	at AppiumPractise.AppiumFrameworkPractise.ApiDemoTest.ApiDemoApp(ApiDemoTest.java:20)
	at java.base/jdk.internal.reflect.NativeMethodAccessorImpl.invoke0(Native Method)
	at java.base/jdk.internal.reflect.NativeMethodAccessorImpl.invoke(Unknown Source)
	at java.base/jdk.internal.reflect.DelegatingMethodAccessorImpl.invoke(Unknown Source)
	at java.base/java.lang.reflect.Method.invoke(Unknown Source)
	at org.testng.internal.MethodInvocationHelper.invokeMethod(MethodInvocationHelper.java:135)
	at org.testng.internal.TestInvoker.invokeMethod(TestInvoker.java:598)
	at org.testng.internal.TestInvoker.invokeTestMethod(TestInvoker.java:174)
	at org.testng.internal.MethodRunner.runInSequence(MethodRunner.java:46)
	at org.testng.internal.TestInvoker$MethodInvocationAgent.invoke(TestInvoker.java:821)
	at org.testng.internal.TestInvoker.invokeTestMethods(TestInvoker.java:147)
	at org.testng.internal.TestMethodWorker.invokeTestMethods(TestMethodWorker.java:146)
	at org.testng.internal.TestMethodWorker.run(TestMethodWorker.java:128)
	at java.base/java.util.ArrayList.forEach(Unknown Source)
	at org.testng.TestRunner.privateRun(TestRunner.java:767)
	at org.testng.TestRunner.run(TestRunner.java:588)
	at org.testng.SuiteRunner.runTest(SuiteRunner.java:384)
	at org.testng.SuiteRunner.runSequentially(SuiteRunner.java:378)
	at org.testng.SuiteRunner.privateRun(SuiteRunner.java:337)
	at org.testng.SuiteRunner.run(SuiteRunner.java:286)
	at org.testng.SuiteRunnerWorker.runSuite(SuiteRunnerWorker.java:53)
	at org.testng.SuiteRunnerWorker.run(SuiteRunnerWorker.java:96)
	at org.testng.TestNG.runSuitesSequentially(TestNG.java:1214)
	at org.testng.TestNG.runSuitesLocally(TestNG.java:1136)
	at org.testng.TestNG.runSuites(TestNG.java:1066)
	at org.testng.TestNG.run(TestNG.java:1034)
	at org.testng.remote.AbstractRemoteTestNG.run(AbstractRemoteTestNG.java:115)
	at org.testng.remote.RemoteTestNG.initAndRun(RemoteTestNG.java:251)
	at org.testng.remote.RemoteTestNG.main(RemoteTestNG.java:77)
Caused by: java.lang.reflect.InvocationTargetException
	at java.base/jdk.internal.reflect.NativeMethodAccessorImpl.invoke0(Native Method)
	at java.base/jdk.internal.reflect.NativeMethodAccessorImpl.invoke(Unknown Source)
	at java.base/jdk.internal.reflect.DelegatingMethodAccessorImpl.invoke(Unknown Source)
	at java.base/java.lang.reflect.Method.invoke(Unknown Source)
	at io.appium.java_client.remote.AppiumCommandExecutor$1.createSession(AppiumCommandExecutor.java:186)
	... 43 more
Caused by: org.openqa.selenium.WebDriverException: An unknown server-side error occurred while processing the command. Original error: Could not find &apos;adb.exe&apos; in [&quot;C:\\Users\\z003srtv\\AppData\\Local\\Android\\Sdk;C:\\Users\\z003srtv\\AppData\\Local\\Android\\Sdk\\platform-tools;C:\\Users\\z003srtv\\AppData\\Local\\Android\\Sdk\\tools;C:\\Users\\z003srtv\\AppData\\Local\\Android\\Sdk\\tools\\bin;\\platform-tools\\adb.exe&quot;,&quot;C:\\Users\\z003srtv\\AppData\\Local\\Android\\Sdk;C:\\Users\\z003srtv\\AppData\\Local\\Android\\Sdk\\platform-tools;C:\\Users\\z003srtv\\AppData\\Local\\Android\\Sdk\\tools;C:\\Users\\z003srtv\\AppData\\Local\\Android\\Sdk\\tools\\bin;\\emulator\\adb.exe&quot;,&quot;C:\\Users\\z003srtv\\AppData\\Local\\Android\\Sdk;C:\\Users\\z003srtv\\AppData\\Local\\Android\\Sdk\\platform-tools;C:\\Users\\z003srtv\\AppData\\Local\\Android\\Sdk\\tools;C:\\Users\\z003srtv\\AppData\\Local\\Android\\Sdk\\tools\\bin;\\tools\\adb.exe&quot;,&quot;C:\\Users\\z003srtv\\AppData\\Local\\Android\\Sdk;C:\\Users\\z003srtv\\AppData\\Local\\Android\\Sdk\\platform-tools;C:\\Users\\z003srtv\\AppData\\Local\\Android\\Sdk\\tools;C:\\Users\\z003srtv\\AppData\\Local\\Android\\Sdk\\tools\\bin;\\tools\\bin\\adb.exe&quot;]. Do you have Android Build Tools installed at &apos;C:\Users\z003srtv\AppData\Local\Android\Sdk;C:\Users\z003srtv\AppData\Local\Android\Sdk\platform-tools;C:\Users\z003srtv\AppData\Local\Android\Sdk\tools;C:\Users\z003srtv\AppData\Local\Android\Sdk\tools\bin;&apos;?
Build info: version: &apos;3.141.59&apos;, revision: &apos;e82be7d358&apos;, time: &apos;2018-11-14T08:17:03&apos;
System info: host: &apos;EVT01213NB&apos;, ip: &apos;192.168.192.1&apos;, os.name: &apos;Windows 10&apos;, os.arch: &apos;amd64&apos;, os.version: &apos;10.0&apos;, java.version: &apos;10.0.2&apos;
Driver info: driver.version: AndroidDriver
remote stacktrace: UnknownError: An unknown server-side error occurred while processing the command. Original error: Could not find &apos;adb.exe&apos; in [&quot;C:\\Users\\z003srtv\\AppData\\Local\\Android\\Sdk;C:\\Users\\z003srtv\\AppData\\Local\\Android\\Sdk\\platform-tools;C:\\Users\\z003srtv\\AppData\\Local\\Android\\Sdk\\tools;C:\\Users\\z003srtv\\AppData\\Local\\Android\\Sdk\\tools\\bin;\\platform-tools\\adb.exe&quot;,&quot;C:\\Users\\z003srtv\\AppData\\Local\\Android\\Sdk;C:\\Users\\z003srtv\\AppData\\Local\\Android\\Sdk\\platform-tools;C:\\Users\\z003srtv\\AppData\\Local\\Android\\Sdk\\tools;C:\\Users\\z003srtv\\AppData\\Local\\Android\\Sdk\\tools\\bin;\\emulator\\adb.exe&quot;,&quot;C:\\Users\\z003srtv\\AppData\\Local\\Android\\Sdk;C:\\Users\\z003srtv\\AppData\\Local\\Android\\Sdk\\platform-tools;C:\\Users\\z003srtv\\AppData\\Local\\Android\\Sdk\\tools;C:\\Users\\z003srtv\\AppData\\Local\\Android\\Sdk\\tools\\bin;\\tools\\adb.exe&quot;,&quot;C:\\Users\\z003srtv\\AppData\\Local\\Android\\Sdk;C:\\Users\\z003srtv\\AppData\\Local\\Android\\Sdk\\platform-tools;C:\\Users\\z003srtv\\AppData\\Local\\Android\\Sdk\\tools;C:\\Users\\z003srtv\\AppData\\Local\\Android\\Sdk\\tools\\bin;\\tools\\bin\\adb.exe&quot;]. Do you have Android Build Tools installed at &apos;C:\Users\z003srtv\AppData\Local\Android\Sdk;C:\Users\z003srtv\AppData\Local\Android\Sdk\platform-tools;C:\Users\z003srtv\AppData\Local\Android\Sdk\tools;C:\Users\z003srtv\AppData\Local\Android\Sdk\tools\bin;&apos;?
    at getResponseForW3CError (C:\Users\z003srtv\AppData\Roaming\npm\node_modules\appium\node_modules\appium-base-driver\lib\protocol\errors.js:804:9)
    at asyncHandler (C:\Users\z003srtv\AppData\Roaming\npm\node_modules\appium\node_modules\appium-base-driver\lib\protocol\protocol.js:392:37)
	at java.base/jdk.internal.reflect.NativeConstructorAccessorImpl.newInstance0(Native Method)
	at java.base/jdk.internal.reflect.NativeConstructorAccessorImpl.newInstance(Unknown Source)
	at java.base/jdk.internal.reflect.DelegatingConstructorAccessorImpl.newInstance(Unknown Source)
	at java.base/java.lang.reflect.Constructor.newInstance(Unknown Source)
	at org.openqa.selenium.remote.W3CHandshakeResponse.lambda$errorHandler$0(W3CHandshakeResponse.java:62)
	at org.openqa.selenium.remote.HandshakeResponse.lambda$getResponseFunction$0(HandshakeResponse.java:30)
	at org.openqa.selenium.remote.ProtocolHandshake.lambda$createSession$0(ProtocolHandshake.java:126)
	at java.base/java.util.stream.ReferencePipeline$3$1.accept(Unknown Source)
	at java.base/java.util.Spliterators$ArraySpliterator.tryAdvance(Unknown Source)
	at java.base/java.util.stream.ReferencePipeline.forEachWithCancel(Unknown Source)
	at java.base/java.util.stream.AbstractPipeline.copyIntoWithCancel(Unknown Source)
	at java.base/java.util.stream.AbstractPipeline.copyInto(Unknown Source)
	at java.base/java.util.stream.AbstractPipeline.wrapAndCopyInto(Unknown Source)
	at java.base/java.util.stream.FindOps$FindOp.evaluateSequential(Unknown Source)
	at java.base/java.util.stream.AbstractPipeline.evaluate(Unknown Source)
	at java.base/java.util.stream.ReferencePipeline.findFirst(Unknown Source)
	at org.openqa.selenium.remote.ProtocolHandshake.createSession(ProtocolHandshake.java:128)
	... 48 more
</div></td></tr></table><p class="totop"><a href="#summary">back to summary</a></p>
</body>
</html>
